{"numFailedTestSuites":0,"numFailedTests":0,"numPassedTestSuites":3,"numPassedTests":14,"numPendingTestSuites":0,"numPendingTests":0,"numRuntimeErrorTestSuites":0,"numTodoTests":0,"numTotalTestSuites":3,"numTotalTests":14,"openHandles":[],"snapshot":{"added":0,"didUpdate":false,"failure":false,"filesAdded":0,"filesRemoved":0,"filesRemovedList":[],"filesUnmatched":0,"filesUpdated":0,"matched":0,"total":0,"unchecked":0,"uncheckedKeysByFile":[],"unmatched":0,"updated":0},"startTime":1753770092361,"success":true,"testResults":[{"assertionResults":[{"ancestorTitles":["CampaignDetails"],"failureMessages":[],"fullName":"CampaignDetails renders campaign details, donations list, and donation form","location":null,"status":"passed","title":"renders campaign details, donations list, and donation form"},{"ancestorTitles":["CampaignDetails"],"failureMessages":[],"fullName":"CampaignDetails disables donation form if campaign is not ACTIVE","location":null,"status":"passed","title":"disables donation form if campaign is not ACTIVE"},{"ancestorTitles":["CampaignDetails"],"failureMessages":[],"fullName":"CampaignDetails validates donation form and handles API error","location":null,"status":"passed","title":"validates donation form and handles API error"}],"endTime":1753770095306,"message":"","name":"/home/coder/project/workspace/question_generation_service/solutions/f2e11f06-2c96-4922-be09-be1fb3da0d37/reactapp/src/components/CampaignDetails.test.js","startTime":1753770093356,"status":"passed","summary":""},{"assertionResults":[{"ancestorTitles":["CampaignList"],"failureMessages":[],"fullName":"CampaignList renders loading and campaigns","location":null,"status":"passed","title":"renders loading and campaigns"},{"ancestorTitles":["CampaignList"],"failureMessages":[],"fullName":"CampaignList handles empty state","location":null,"status":"passed","title":"handles empty state"},{"ancestorTitles":["CampaignList"],"failureMessages":[],"fullName":"CampaignList can filter by category","location":null,"status":"passed","title":"can filter by category"},{"ancestorTitles":["CampaignList"],"failureMessages":[],"fullName":"CampaignList can filter by status","location":null,"status":"passed","title":"can filter by status"},{"ancestorTitles":["CampaignList"],"failureMessages":[],"fullName":"CampaignList shows error if fetch fails","location":null,"status":"passed","title":"shows error if fetch fails"}],"endTime":1753770095340,"message":"","name":"/home/coder/project/workspace/question_generation_service/solutions/f2e11f06-2c96-4922-be09-be1fb3da0d37/reactapp/src/components/CampaignList.test.js","startTime":1753770093351,"status":"passed","summary":""},{"assertionResults":[{"ancestorTitles":["CreateCampaign"],"failureMessages":[],"fullName":"CreateCampaign renders all form fields with initial state","location":null,"status":"passed","title":"renders all form fields with initial state"},{"ancestorTitles":["CreateCampaign"],"failureMessages":[],"fullName":"CreateCampaign shows validation errors on empty submit","location":null,"status":"passed","title":"shows validation errors on empty submit"},{"ancestorTitles":["CreateCampaign"],"failureMessages":[],"fullName":"CreateCampaign shows validation error for short title and description","location":null,"status":"passed","title":"shows validation error for short title and description"},{"ancestorTitles":["CreateCampaign"],"failureMessages":[],"fullName":"CreateCampaign shows error if deadline is not a future date","location":null,"status":"passed","title":"shows error if deadline is not a future date"},{"ancestorTitles":["CreateCampaign"],"failureMessages":[],"fullName":"CreateCampaign successfully creates a campaign and redirects","location":null,"status":"passed","title":"successfully creates a campaign and redirects"},{"ancestorTitles":["CreateCampaign"],"failureMessages":[],"fullName":"CreateCampaign shows backend error if API returns error","location":null,"status":"passed","title":"shows backend error if API returns error"}],"endTime":1753770095499,"message":"","name":"/home/coder/project/workspace/question_generation_service/solutions/f2e11f06-2c96-4922-be09-be1fb3da0d37/reactapp/src/components/CreateCampaign.test.js","startTime":1753770093320,"status":"passed","summary":""}],"wasInterrupted":false}